cocos2d/cocos/platform/android/java/libs/gps/build/outputs/logs/manifest-merger-debug-report.txt
-- Merging decision tree log ---
manifest
ADDED from libs/gps/AndroidManifest.xml:16:1-25:12
INJECTED from libs/gps/AndroidManifest.xml:16:1-25:12
INJECTED from libs/gps/AndroidManifest.xml:16:1-25:12
	package
		ADDED from libs/gps/AndroidManifest.xml:17:11-43
		INJECTED from libs/gps/AndroidManifest.xml
		INJECTED from libs/gps/AndroidManifest.xml
	xmlns:android
		ADDED from libs/gps/AndroidManifest.xml:16:11-69
application
ADDED from libs/gps/AndroidManifest.xml:19:5-23:19
meta-data#com.google.android.gms.version
ADDED from libs/gps/AndroidManifest.xml:20:9-22:69
	android:value
		ADDED from libs/gps/AndroidManifest.xml:22:13-66
	android:name
		ADDED from libs/gps/AndroidManifest.xml:21:13-58
uses-sdk
INJECTED from libs/gps/AndroidManifest.xml reason: use-sdk injection requested
INJECTED from libs/gps/AndroidManifest.xml
INJECTED from libs/gps/AndroidManifest.xml
INJECTED from libs/gps/AndroidManifest.xml
INJECTED from libs/gps/AndroidManifest.xml
	android:targetSdkVersion
		INJECTED from libs/gps/AndroidManifest.xml
		ADDED from libs/gps/AndroidManifest.xml
		INJECTED from libs/gps/AndroidManifest.xml
	android:minSdkVersion
		INJECTED from libs/gps/AndroidManifest.xml
		ADDED from libs/gps/AndroidManifest.xml
		INJECTED from libs/gps/AndroidManifest.xml